<?xml version="1.0" encoding="UTF-8"?>
<!-- Generated by org.testng.reporters.JUnitReportReporter -->
<testsuite skipped="0" hostname="LAPTOP-HKF36TTK" name="com.automationpractice.TestScenario" tests="1" failures="0" timestamp="2020-10-22T00:35:46 IST" time="76.737" errors="0">
  <testcase name="shoppingValidation" time="76.737" classname="com.automationpractice.TestScenario"/>
  <system-out/>
</testsuite> <!-- com.automationpractice.TestScenario -->
