<?xml version="1.0" encoding="UTF-8"?>
<!-- Generated by org.testng.reporters.JUnitReportReporter -->
<testsuite skipped="0" hostname="LAPTOP-HKF36TTK" name="com.automationpractice.demo" tests="1" failures="0" timestamp="2020-10-22T00:32:28 IST" time="0.006" errors="0">
  <testcase name="test" time="0.006" classname="com.automationpractice.demo"/>
  <system-out/>
</testsuite> <!-- com.automationpractice.demo -->
